<?xml version="1.0" encoding="UTF-8"?>
<!-- Generated by org.testng.reporters.JUnitReportReporter -->
<testsuite hostname="DESKTOP-NK5J02L" failures="0" tests="3" name="papgeobjectivemodel.Pagec" time="9.724" errors="0" timestamp="2024-03-22T12:00:48 IST" skipped="0">
  <testcase classname="papgeobjectivemodel.Pagec" name="test1" time="5.368"/>
  <testcase classname="papgeobjectivemodel.Pagec" name="check" time="1.465"/>
  <testcase classname="papgeobjectivemodel.Pagec" name="full" time="2.891"/>
</testsuite> <!-- papgeobjectivemodel.Pagec -->
